#
# A fatal error has been detected by the Java Runtime Environment:
#
#  Internal Error (classFileParser.cpp:3494), pid=5472, tid=5508
#  Error: ShouldNotReachHere()
#
# JRE version: 6.0_43-b01
# Java VM: Java HotSpot(TM) Client VM (20.14-b01 mixed mode windows-x86 )
# If you would like to submit a bug report, please visit:
#   http://java.sun.com/webapps/bugreport/crash.jsp
#

---------------  T H R E A D  ---------------

Current thread (0x00846800):  JavaThread "Unknown thread" [_thread_in_vm, id=5508, stack(0x008e0000,0x00930000)]

Stack: [0x008e0000,0x00930000],  sp=0x0092f898,  free space=318k
Native frames: (J=compiled Java code, j=interpreted, Vv=VM code, C=native code)
V  [jvm.dll+0x13490a]
V  [jvm.dll+0x12f3fb]
V  [jvm.dll+0x1676e]
V  [jvm.dll+0x17faf]
V  [jvm.dll+0x27565]
V  [jvm.dll+0x27da6]
V  [jvm.dll+0x28155]
V  [jvm.dll+0x281e9]
V  [jvm.dll+0x282ac]
V  [jvm.dll+0x2832a]
V  [jvm.dll+0x2840d]
V  [jvm.dll+0x286d9]
V  [jvm.dll+0x6cdd3]
V  [jvm.dll+0x6d1ac]
V  [jvm.dll+0xfa79c]
V  [jvm.dll+0x1190eb]
V  [jvm.dll+0x9f4e0]
C  [javaw.exe+0x1657]
C  [javaw.exe+0x1e2c]
C  [javaw.exe+0x8624]
C  [kernel32.dll+0xb729]  GetModuleFileNameA+0x1ba


---------------  P R O C E S S  ---------------

Java Threads: ( => current thread )

Other Threads:

=>0x00846800 (exited) JavaThread "Unknown thread" [_thread_in_vm, id=5508, stack(0x008e0000,0x00930000)]

VM state:not at safepoint (not fully initialized)

VM Mutex/Monitor currently owned by a thread: None

Dynamic libraries:
0x00400000 - 0x00425000 	C:\Program Files\Java\jre6\bin\javaw.exe
0x7c920000 - 0x7c9b6000 	C:\windows\system32\ntdll.dll
0x7c800000 - 0x7c91e000 	C:\windows\system32\kernel32.dll
0x77da0000 - 0x77e49000 	C:\windows\system32\ADVAPI32.dll
0x77e50000 - 0x77ee3000 	C:\windows\system32\RPCRT4.dll
0x77fc0000 - 0x77fd1000 	C:\windows\system32\Secur32.dll
0x77d10000 - 0x77da0000 	C:\windows\system32\USER32.dll
0x77ef0000 - 0x77f39000 	C:\windows\system32\GDI32.dll
0x76300000 - 0x7631d000 	C:\windows\system32\IMM32.DLL
0x62c20000 - 0x62c29000 	C:\windows\system32\LPK.DLL
0x73fa0000 - 0x7400b000 	C:\windows\system32\USP10.dll
0x7c340000 - 0x7c396000 	C:\Program Files\Java\jre6\bin\msvcr71.dll
0x6d7f0000 - 0x6daa0000 	C:\Program Files\Java\jre6\bin\client\jvm.dll
0x76b10000 - 0x76b3a000 	C:\windows\system32\WINMM.dll
0x6d7a0000 - 0x6d7ac000 	C:\Program Files\Java\jre6\bin\verify.dll
0x6d320000 - 0x6d33f000 	C:\Program Files\Java\jre6\bin\java.dll
0x6d7e0000 - 0x6d7ef000 	C:\Program Files\Java\jre6\bin\zip.dll
0x76bc0000 - 0x76bcb000 	C:\windows\system32\PSAPI.DLL

VM Arguments:
jvm_args: -Dfile.encoding=GBK -Xbootclasspath:D:\adt-bundle-windows-x86-20130219\sdk\platforms\android-17\android.jar 
java_command: com.APP.Action.newsXMLResolve
Launcher Type: SUN_STANDARD

Environment Variables:
JAVA_HOME=D:\jdk1.6.0_43;
CLASSPATH=.;D:\jdk1.6.0_43;\lib\dt.jar;D:\jdk1.6.0_43;\lib\tools.jar;D:\jdk1.6.0_43;\bin;
PATH=C:/Program Files/Java/jre6/bin/client;C:/Program Files/Java/jre6/bin;C:/Program Files/Java/jre6/lib/i386;C:\Program Files\NVIDIA Corporation\PhysX\Common;C:\windows\system32;C:\windows;C:\windows\System32\Wbem;D:\jdk1.6.0_43;\bin;C:\Program Files\MySQL\MySQL Server 5.1\bin;C:\Go\bin;D:\WPS Office\8.1.0.3526\office6;D:\adt-bundle-windows-x86-20130219\eclipse;
USERNAME=Administrator
OS=Windows_NT
PROCESSOR_IDENTIFIER=x86 Family 16 Model 5 Stepping 3, AuthenticAMD



---------------  S Y S T E M  ---------------

OS: Windows XP Build 2600 Service Pack 3

CPU:total 4 (4 cores per cpu, 1 threads per core) family 16 model 5 stepping 3, cmov, cx8, fxsr, mmx, sse, sse2, sse3, popcnt, mmxext, 3dnowpref, lzcnt, sse4a

Memory: 4k page, physical 3405924k(2445288k free), swap 6645008k(5426164k free)

vm_info: Java HotSpot(TM) Client VM (20.14-b01) for windows-x86 JRE (1.6.0_43-b01), built on Mar  1 2013 02:51:23 by "java_re" with MS VC++ 7.1 (VS2003)

time: Mon Apr 15 09:59:43 2013
elapsed time: 0 seconds

